Using pre-set license
Built from '2022.2/release' branch; Version is '2022.2.13f1 (5f5de2657605) revision 6249954'; Using compiler version '192829333'; Build Type 'Release'
OS: 'Windows 11  (10.0.22621) 64bit CoreSingleLanguage' Language: 'en' Physical Memory: 16169 MB
BatchMode: 1, IsHumanControllingUs: 0, StartBugReporterOnCrash: 0, Is64bit: 1, IsPro: 1

COMMAND LINE ARGUMENTS:
C:\Program Files\Unity\Hub\Editor\2022.2.13f1\Editor\Unity.exe
-adb2
-batchMode
-noUpm
-name
AssetImportWorker1
-projectPath
C:/Users/Sonny/Desktop/Workspace/SpaceBattle
-logFile
Logs/AssetImportWorker1.log
-srvPort
56825
Successfully changed project path to: C:/Users/Sonny/Desktop/Workspace/SpaceBattle
C:/Users/Sonny/Desktop/Workspace/SpaceBattle
[UnityMemory] Configuration Parameters - Can be set up in boot.config
    "memorysetup-bucket-allocator-granularity=16"
    "memorysetup-bucket-allocator-bucket-count=8"
    "memorysetup-bucket-allocator-block-size=33554432"
    "memorysetup-bucket-allocator-block-count=8"
    "memorysetup-main-allocator-block-size=16777216"
    "memorysetup-thread-allocator-block-size=16777216"
    "memorysetup-gfx-main-allocator-block-size=16777216"
    "memorysetup-gfx-thread-allocator-block-size=16777216"
    "memorysetup-cache-allocator-block-size=4194304"
    "memorysetup-typetree-allocator-block-size=2097152"
    "memorysetup-profiler-bucket-allocator-granularity=16"
    "memorysetup-profiler-bucket-allocator-bucket-count=8"
    "memorysetup-profiler-bucket-allocator-block-size=33554432"
    "memorysetup-profiler-bucket-allocator-block-count=8"
    "memorysetup-profiler-allocator-block-size=16777216"
    "memorysetup-profiler-editor-allocator-block-size=1048576"
    "memorysetup-temp-allocator-size-main=16777216"
    "memorysetup-job-temp-allocator-block-size=2097152"
    "memorysetup-job-temp-allocator-block-size-background=1048576"
    "memorysetup-job-temp-allocator-reduction-small-platforms=262144"
    "memorysetup-temp-allocator-size-background-worker=32768"
    "memorysetup-temp-allocator-size-job-worker=262144"
    "memorysetup-temp-allocator-size-preload-manager=33554432"
    "memorysetup-temp-allocator-size-nav-mesh-worker=65536"
    "memorysetup-temp-allocator-size-audio-worker=65536"
    "memorysetup-temp-allocator-size-cloud-worker=32768"
    "memorysetup-temp-allocator-size-gi-baking-worker=262144"
    "memorysetup-temp-allocator-size-gfx=262144"
Player connection [23304] Host "[IP] 192.168.174.1 [Port] 0 [Flags] 2 [Guid] 949228557 [EditorId] 949228557 [Version] 1048832 [Id] WindowsEditor(7,LAPTOP-7O4NP2J8) [Debug] 1 [PackageName] WindowsEditor [ProjectName] Editor" joined multi-casting on [225.0.0.222:54997]...

Player connection [23304] Host "[IP] 192.168.174.1 [Port] 0 [Flags] 2 [Guid] 949228557 [EditorId] 949228557 [Version] 1048832 [Id] WindowsEditor(7,LAPTOP-7O4NP2J8) [Debug] 1 [PackageName] WindowsEditor [ProjectName] Editor" joined alternative multi-casting on [225.0.0.222:34997]...

Refreshing native plugins compatible for Editor in 4.72 ms, found 0 plugins.
Preloading 0 native plugins for Editor in 0.00 ms.
Initialize engine version: 2022.2.13f1 (5f5de2657605)
[Subsystems] Discovering subsystems at path C:/Program Files/Unity/Hub/Editor/2022.2.13f1/Editor/Data/Resources/UnitySubsystems
[Subsystems] Discovering subsystems at path C:/Users/Sonny/Desktop/Workspace/SpaceBattle/Assets
GfxDevice: creating device client; threaded=0; jobified=0
Direct3D:
    Version:  Direct3D 11.0 [level 11.1]
    Renderer: NVIDIA GeForce RTX 2060 (ID=0x1f15)
    Vendor:   NVIDIA
    VRAM:     5980 MB
    Driver:   31.0.15.2225
Initialize mono
Mono path[0] = 'C:/Program Files/Unity/Hub/Editor/2022.2.13f1/Editor/Data/Managed'
Mono path[1] = 'C:/Program Files/Unity/Hub/Editor/2022.2.13f1/Editor/Data/MonoBleedingEdge/lib/mono/unityjit-win32'
Mono config path = 'C:/Program Files/Unity/Hub/Editor/2022.2.13f1/Editor/Data/MonoBleedingEdge/etc'
Using monoOptions --debugger-agent=transport=dt_socket,embedding=1,server=y,suspend=n,address=127.0.0.1:56732
Begin MonoManager ReloadAssembly
Registering precompiled unity dll's ...
Register platform support module: C:/Program Files/Unity/Hub/Editor/2022.2.13f1/Editor/Data/PlaybackEngines/WindowsStandaloneSupport/UnityEditor.WindowsStandalone.Extensions.dll
Registered in 0.012530 seconds.
- Loaded All Assemblies, in  0.714 seconds
Native extension for WindowsStandalone target not found
Mono: successfully reloaded assembly
- Finished resetting the current domain, in  0.609 seconds
Domain Reload Profiling:
	ReloadAssembly (435ms)
		BeginReloadAssembly (218ms)
			ExecutionOrderSort (0ms)
			DisableScriptedObjects (0ms)
			BackupInstance (0ms)
			ReleaseScriptingObjects (0ms)
			CreateAndSetChildDomain (2ms)
		LoadAllAssembliesAndSetupDomain (0ms)
			LoadAssemblies (210ms)
			RebuildTransferFunctionScriptingTraits (0ms)
			SetupTypeCache (263ms)
				TypeCache.Initialize (262ms)
					TypeCache.ScanAssembly (259ms)
				ResolveRequiredComponents (1ms)
		FinalizeReload (0ms)
			ReleaseScriptCaches (0ms)
			RebuildScriptCaches (0ms)
			SetupLoadedEditorAssemblies (483ms)
				LogAssemblyErrors (0ms)
				InitializePlatformSupportModulesInManaged (21ms)
				SetLoadedEditorAssemblies (17ms)
				RefreshPlugins (0ms)
				BeforeProcessingInitializeOnLoad (2ms)
				ProcessInitializeOnLoadAttributes (341ms)
				ProcessInitializeOnLoadMethodAttributes (102ms)
				AfterProcessingInitializeOnLoad (0ms)
				EditorAssembliesLoaded (0ms)
			ExecutionOrderSort2 (0ms)
			AwakeInstancesAfterBackupRestoration (0ms)
========================================================================
Worker process is ready to serve import requests
Begin MonoManager ReloadAssembly
- Loaded All Assemblies, in  0.846 seconds
Refreshing native plugins compatible for Editor in 2.04 ms, found 0 plugins.
Native extension for WindowsStandalone target not found
Mono: successfully reloaded assembly
- Finished resetting the current domain, in  0.573 seconds
Domain Reload Profiling:
	ReloadAssembly (415ms)
		BeginReloadAssembly (269ms)
			ExecutionOrderSort (0ms)
			DisableScriptedObjects (16ms)
			BackupInstance (0ms)
			ReleaseScriptingObjects (0ms)
			CreateAndSetChildDomain (43ms)
		LoadAllAssembliesAndSetupDomain (427ms)
			LoadAssemblies (317ms)
			RebuildTransferFunctionScriptingTraits (0ms)
			SetupTypeCache (242ms)
				TypeCache.Initialize (241ms)
					TypeCache.ScanAssembly (237ms)
				ResolveRequiredComponents (1ms)
		FinalizeReload (0ms)
			ReleaseScriptCaches (0ms)
			RebuildScriptCaches (0ms)
			SetupLoadedEditorAssemblies (341ms)
				LogAssemblyErrors (0ms)
				InitializePlatformSupportModulesInManaged (10ms)
				SetLoadedEditorAssemblies (5ms)
				RefreshPlugins (0ms)
				BeforeProcessingInitializeOnLoad (40ms)
				ProcessInitializeOnLoadAttributes (245ms)
				ProcessInitializeOnLoadMethodAttributes (29ms)
				AfterProcessingInitializeOnLoad (13ms)
				EditorAssembliesLoaded (0ms)
			ExecutionOrderSort2 (0ms)
			AwakeInstancesAfterBackupRestoration (12ms)
Launched and connected shader compiler UnityShaderCompiler.exe after 0.09 seconds
Refreshing native plugins compatible for Editor in 1.68 ms, found 0 plugins.
Preloading 0 native plugins for Editor in 0.00 ms.
Unloading 18 Unused Serialized files (Serialized files now loaded: 0)
Unloading 7 unused Assets / (59.8 KB). Loaded Objects now: 495.
Memory consumption went from 41.5 MB to 41.4 MB.
Total: 7.196300 ms (FindLiveObjects: 0.057900 ms CreateObjectMapping: 0.006600 ms MarkObjects: 6.860500 ms  DeleteObjects: 0.268500 ms)

AssetImportParameters requested are different than current active one (requested -> active):
  custom:video-decoder-ogg-theora: a1e56fd34408186e4bbccfd4996cb3dc -> 
  custom:container-muxer-webm: aa71ff27fc2769a1b78a27578f13a17b -> 
  custom:container-demuxer-webm: 4f35f7cbe854078d1ac9338744f61a02 -> 
  custom:video-encoder-webm-vp8: eb34c28f22e8b96e1ab97ce403110664 -> 
  custom:video-codec-MediaFoundation-h265: 746d11721c4dcdbdad8f713fa42b33f4 -> 
  custom:audio-encoder-webm-vorbis: bf7c407c2cedff20999df2af8eb42d56 -> 
  custom:framework-win-MediaFoundation: 216162199b28c13a410421893ffa2e32 -> 
  custom:container-demuxer-ogg: 62fdf1f143b41e24485cea50d1cbac27 -> 
  custom:video-decoder-webm-vp8: 9c59270c3fd7afecdb556c50c9e8de78 -> 
  custom:audio-decoder-ogg-vorbis: bf7c407c2cedff20999df2af8eb42d56 -> 
  custom:AudioImporter_EditorPlatform: d09bf68614088b80899f8185d706f6e7 -> 
========================================================================
Received Import Request.
  Time since last request: 175847.772306 seconds.
  path: Assets/Planets! Interstellar Skybox Pack Vol.I/tiff/stratosphere_left.tif
  artifactKey: Guid(b6cc144337a6b4c2894f539765eaf750) Importer(2089858483,0ecaa5967403d082aa24f35e1b516d23)
Start importing Assets/Planets! Interstellar Skybox Pack Vol.I/tiff/stratosphere_left.tif using Guid(b6cc144337a6b4c2894f539765eaf750) Importer(2089858483,0ecaa5967403d082aa24f35e1b516d23) Generated GUIDs only implemented for interfaces!
 -> (artifact id: '74e564e4c0bf81fc997d1182a4d43f73') in 0.345445 seconds
Number of updated asset objects reloaded before import = 0
Number of asset objects unloaded after import = 1
========================================================================
Received Import Request.
  Time since last request: 0.000058 seconds.
  path: Assets/AstraStarshipPackage1/FBX/Materials/astra_elements2_c.mat
  artifactKey: Guid(9238190812cf88842ac45658f82d079d) Importer(2089858483,0ecaa5967403d082aa24f35e1b516d23)
Start importing Assets/AstraStarshipPackage1/FBX/Materials/astra_elements2_c.mat using Guid(9238190812cf88842ac45658f82d079d) Importer(2089858483,0ecaa5967403d082aa24f35e1b516d23) Generated GUIDs only implemented for interfaces!
 -> (artifact id: '526a3df3bf43ff94a7329ae6bd36228f') in 0.097462 seconds
Number of updated asset objects reloaded before import = 0
Number of asset objects unloaded after import = 4
========================================================================
Received Import Request.
  Time since last request: 0.000039 seconds.
  path: Assets/Planets! Interstellar Skybox Pack Vol.I/tiff/skybox_front.tif
  artifactKey: Guid(f913ae5c8c629499cb6600a7206c8376) Importer(2089858483,0ecaa5967403d082aa24f35e1b516d23)
Start importing Assets/Planets! Interstellar Skybox Pack Vol.I/tiff/skybox_front.tif using Guid(f913ae5c8c629499cb6600a7206c8376) Importer(2089858483,0ecaa5967403d082aa24f35e1b516d23) Generated GUIDs only implemented for interfaces!
 -> (artifact id: '7c5ef315e51e99dc3c10cafd78082fdc') in 0.047663 seconds
Number of updated asset objects reloaded before import = 0
Number of asset objects unloaded after import = 1
========================================================================
Received Import Request.
  Time since last request: 0.000192 seconds.
  path: Assets/AstraStarshipPackage1/Textures/astraLightCruiser_Normals.png
  artifactKey: Guid(e46510e0aae3a924ab7a0e7dfe99b35f) Importer(2089858483,0ecaa5967403d082aa24f35e1b516d23)
Start importing Assets/AstraStarshipPackage1/Textures/astraLightCruiser_Normals.png using Guid(e46510e0aae3a924ab7a0e7dfe99b35f) Importer(2089858483,0ecaa5967403d082aa24f35e1b516d23) Generated GUIDs only implemented for interfaces!
 -> (artifact id: 'afa68dfbae1a2a66f0db38beba9f9a68') in 0.047757 seconds
Number of updated asset objects reloaded before import = 0
Number of asset objects unloaded after import = 1
========================================================================
Received Import Request.
  Time since last request: 0.000096 seconds.
  path: Assets/Resources/StatusBarMaterial.mat
  artifactKey: Guid(3db7e0362c3e8414193a27ce2aee104d) Importer(2089858483,0ecaa5967403d082aa24f35e1b516d23)
Start importing Assets/Resources/StatusBarMaterial.mat using Guid(3db7e0362c3e8414193a27ce2aee104d) Importer(2089858483,0ecaa5967403d082aa24f35e1b516d23) Generated GUIDs only implemented for interfaces!
 -> (artifact id: 'c69078bbc6602e9c1655a095265e0f35') in 0.040779 seconds
Number of updated asset objects reloaded before import = 0
Number of asset objects unloaded after import = 1
========================================================================
Received Import Request.
  Time since last request: 0.000183 seconds.
  path: Assets/Scripts/EnemyFighter.cs
  artifactKey: Guid(3b5cae6375885bd46854031444fd913c) Importer(2089858483,0ecaa5967403d082aa24f35e1b516d23)
Start importing Assets/Scripts/EnemyFighter.cs using Guid(3b5cae6375885bd46854031444fd913c) Importer(2089858483,0ecaa5967403d082aa24f35e1b516d23) Generated GUIDs only implemented for interfaces!
 -> (artifact id: '882d3bb8796efe9008fedc47c0cb73f1') in 0.017149 seconds
Number of updated asset objects reloaded before import = 0
Number of asset objects unloaded after import = 1
========================================================================
Received Import Request.
  Time since last request: 0.000089 seconds.
  path: Assets/Scripts/EnemySpawner.cs
  artifactKey: Guid(b4bdb2be929629143b9308e569f77f48) Importer(2089858483,0ecaa5967403d082aa24f35e1b516d23)
Start importing Assets/Scripts/EnemySpawner.cs using Guid(b4bdb2be929629143b9308e569f77f48) Importer(2089858483,0ecaa5967403d082aa24f35e1b516d23) Generated GUIDs only implemented for interfaces!
 -> (artifact id: '081068a56bc751505e8def846e51c652') in 0.015431 seconds
Number of updated asset objects reloaded before import = 0
Number of asset objects unloaded after import = 1
========================================================================
Received Import Request.
  Time since last request: 0.000235 seconds.
  path: Assets/AstraStarshipPackage1/Prefabs/AstraShuttle01.prefab
  artifactKey: Guid(6e22ec1c68ff6ae47bc50cd852e865d1) Importer(2089858483,0ecaa5967403d082aa24f35e1b516d23)
Start importing Assets/AstraStarshipPackage1/Prefabs/AstraShuttle01.prefab using Guid(6e22ec1c68ff6ae47bc50cd852e865d1) Importer(2089858483,0ecaa5967403d082aa24f35e1b516d23) Generated GUIDs only implemented for interfaces!
 -> (artifact id: 'b7817824dcd9498fa858d0e5cf39f447') in 0.047100 seconds
Number of updated asset objects reloaded before import = 0
Number of asset objects unloaded after import = 9
========================================================================
Received Import Request.
  Time since last request: 0.000034 seconds.
  path: Assets/AstraStarshipPackage1/FBX/Materials/astraElements2.mat
  artifactKey: Guid(5b9aaf2aeb76cc447ade7de4d3e3e869) Importer(2089858483,0ecaa5967403d082aa24f35e1b516d23)
Start importing Assets/AstraStarshipPackage1/FBX/Materials/astraElements2.mat using Guid(5b9aaf2aeb76cc447ade7de4d3e3e869) Importer(2089858483,0ecaa5967403d082aa24f35e1b516d23) Generated GUIDs only implemented for interfaces!
 -> (artifact id: '7970fe5bdfd5570cb69c78a287824996') in 0.017574 seconds
Number of updated asset objects reloaded before import = 0
Number of asset objects unloaded after import = 2
========================================================================
Received Import Request.
  Time since last request: 0.000154 seconds.
  path: Assets/Planets! Interstellar Skybox Pack Vol.I/materials/asteroid.mat
  artifactKey: Guid(9ec1cc7df1953403eb7b55fa9793ea1f) Importer(2089858483,0ecaa5967403d082aa24f35e1b516d23)
Start importing Assets/Planets! Interstellar Skybox Pack Vol.I/materials/asteroid.mat using Guid(9ec1cc7df1953403eb7b55fa9793ea1f) Importer(2089858483,0ecaa5967403d082aa24f35e1b516d23) Generated GUIDs only implemented for interfaces!
 -> (artifact id: '429e059a12b0990f798e05dfeb6c2ca0') in 0.030887 seconds
Number of updated asset objects reloaded before import = 0
Number of asset objects unloaded after import = 7
========================================================================
Received Import Request.
  Time since last request: 0.000023 seconds.
  path: Assets/Planets! Interstellar Skybox Pack Vol.I/tiff/skybox_right.tif
  artifactKey: Guid(b2a8dac8dcdd9493d87feb935296c600) Importer(2089858483,0ecaa5967403d082aa24f35e1b516d23)
Start importing Assets/Planets! Interstellar Skybox Pack Vol.I/tiff/skybox_right.tif using Guid(b2a8dac8dcdd9493d87feb935296c600) Importer(2089858483,0ecaa5967403d082aa24f35e1b516d23) Generated GUIDs only implemented for interfaces!
 -> (artifact id: 'a30e787c02b61259cb0c6ac626b3e3f3') in 0.046134 seconds
Number of updated asset objects reloaded before import = 0
Number of asset objects unloaded after import = 1
========================================================================
Received Import Request.
  Time since last request: 0.000243 seconds.
  path: Assets/Planets! Interstellar Skybox Pack Vol.I/example.unity
  artifactKey: Guid(be3991a12bc794ba199b4f90045492cf) Importer(2089858483,0ecaa5967403d082aa24f35e1b516d23)
Start importing Assets/Planets! Interstellar Skybox Pack Vol.I/example.unity using Guid(be3991a12bc794ba199b4f90045492cf) Importer(2089858483,0ecaa5967403d082aa24f35e1b516d23) Generated GUIDs only implemented for interfaces!
 -> (artifact id: 'ed638fb1f7d7c3bba13074c4589fe165') in 0.012682 seconds
Number of updated asset objects reloaded before import = 0
Number of asset objects unloaded after import = 1
========================================================================
Received Import Request.
  Time since last request: 0.000311 seconds.
  path: Assets/Planets! Interstellar Skybox Pack Vol.I/tiff/asteroid_front.tif
  artifactKey: Guid(31333f6dd41eb4c13bb574a1a0bae5e5) Importer(2089858483,0ecaa5967403d082aa24f35e1b516d23)
Start importing Assets/Planets! Interstellar Skybox Pack Vol.I/tiff/asteroid_front.tif using Guid(31333f6dd41eb4c13bb574a1a0bae5e5) Importer(2089858483,0ecaa5967403d082aa24f35e1b516d23) Generated GUIDs only implemented for interfaces!
 -> (artifact id: '0b8611ac1d40c20b76c9ab3e448ad5cf') in 0.046564 seconds
Number of updated asset objects reloaded before import = 0
Number of asset objects unloaded after import = 1
========================================================================
Received Import Request.
  Time since last request: 0.000277 seconds.
  path: Assets/AstraStarshipPackage1/Prefabs/AstraHeavyCruiser01.prefab
  artifactKey: Guid(9360ef787d817ec4c8645fa184a99b17) Importer(2089858483,0ecaa5967403d082aa24f35e1b516d23)
Start importing Assets/AstraStarshipPackage1/Prefabs/AstraHeavyCruiser01.prefab using Guid(9360ef787d817ec4c8645fa184a99b17) Importer(2089858483,0ecaa5967403d082aa24f35e1b516d23) Generated GUIDs only implemented for interfaces!
 -> (artifact id: 'f3a2355d08fc5557e623ce3dafad8e0b') in 0.016359 seconds
Number of updated asset objects reloaded before import = 0
Number of asset objects unloaded after import = 9
========================================================================
Received Import Request.
  Time since last request: 0.000025 seconds.
  path: Assets/Resources/Images/fighter_icon.png
  artifactKey: Guid(3cd8fa11a91644b7ba9b604ecdaae421) Importer(2089858483,0ecaa5967403d082aa24f35e1b516d23)
Start importing Assets/Resources/Images/fighter_icon.png using Guid(3cd8fa11a91644b7ba9b604ecdaae421) Importer(2089858483,0ecaa5967403d082aa24f35e1b516d23) Generated GUIDs only implemented for interfaces!
 -> (artifact id: '4a6fa12e60d181454d76699c0a6f8ec1') in 0.043748 seconds
Number of updated asset objects reloaded before import = 0
Number of asset objects unloaded after import = 3
========================================================================
Received Import Request.
  Time since last request: 0.000123 seconds.
  path: Assets/Scenes/MainScene.unity
  artifactKey: Guid(51620d75081c5ee468b17d4be50001e0) Importer(2089858483,0ecaa5967403d082aa24f35e1b516d23)
Start importing Assets/Scenes/MainScene.unity using Guid(51620d75081c5ee468b17d4be50001e0) Importer(2089858483,0ecaa5967403d082aa24f35e1b516d23) Generated GUIDs only implemented for interfaces!
 -> (artifact id: 'f5977a9c2649c88ca060e622970f5033') in 0.036286 seconds
Number of updated asset objects reloaded before import = 0
Number of asset objects unloaded after import = 1
========================================================================
Received Import Request.
  Time since last request: 0.000325 seconds.
  path: Assets/Scripts/GameSetup.cs
  artifactKey: Guid(94095c793d7b8024f868954c3d73ec34) Importer(2089858483,0ecaa5967403d082aa24f35e1b516d23)
Start importing Assets/Scripts/GameSetup.cs using Guid(94095c793d7b8024f868954c3d73ec34) Importer(2089858483,0ecaa5967403d082aa24f35e1b516d23) Generated GUIDs only implemented for interfaces!
 -> (artifact id: '04eadfe69b175d8bd299b764fd4102c0') in 0.030455 seconds
Number of updated asset objects reloaded before import = 0
Number of asset objects unloaded after import = 1
========================================================================
Received Import Request.
  Time since last request: 0.000213 seconds.
  path: Assets/Scripts/ButtonControl.cs
  artifactKey: Guid(2d868e2ed10cc493eb8369760c971d41) Importer(2089858483,0ecaa5967403d082aa24f35e1b516d23)
Start importing Assets/Scripts/ButtonControl.cs using Guid(2d868e2ed10cc493eb8369760c971d41) Importer(2089858483,0ecaa5967403d082aa24f35e1b516d23) Generated GUIDs only implemented for interfaces!
 -> (artifact id: '9d5b15025c46bbd931f5ce5fd97939e0') in 0.030327 seconds
Number of updated asset objects reloaded before import = 0
Number of asset objects unloaded after import = 1
========================================================================
Received Import Request.
  Time since last request: 0.000243 seconds.
  path: Assets/AstraStarshipPackage1/FBX/astraFighter.FBX
  artifactKey: Guid(78b2209c16819614caba5e3ebaa0df1e) Importer(2089858483,0ecaa5967403d082aa24f35e1b516d23)
Start importing Assets/AstraStarshipPackage1/FBX/astraFighter.FBX using Guid(78b2209c16819614caba5e3ebaa0df1e) Importer(2089858483,0ecaa5967403d082aa24f35e1b516d23) Generated GUIDs only implemented for interfaces!
 -> (artifact id: 'b7f11908fb1b7a35cccfe8f6e992eed7') in 0.066699 seconds
Number of updated asset objects reloaded before import = 0
Number of asset objects unloaded after import = 8
========================================================================
Received Import Request.
  Time since last request: 0.000134 seconds.
  path: Assets/Scripts/PlayerFighterMovement.cs
  artifactKey: Guid(ed52a51338394714c9a530fe5a25797b) Importer(2089858483,0ecaa5967403d082aa24f35e1b516d23)
Start importing Assets/Scripts/PlayerFighterMovement.cs using Guid(ed52a51338394714c9a530fe5a25797b) Importer(2089858483,0ecaa5967403d082aa24f35e1b516d23) Generated GUIDs only implemented for interfaces!
 -> (artifact id: '19d87be6bf790b1b4360c34aaa621c2c') in 0.042709 seconds
Number of updated asset objects reloaded before import = 0
Number of asset objects unloaded after import = 1
========================================================================
Received Import Request.
  Time since last request: 0.000296 seconds.
  path: Assets/MobileDependencyResolver/Editor/Google.VersionHandlerImpl.dll
  artifactKey: Guid(369cd88e7aa04bd98e0f6c229f7c1510) Importer(2089858483,0ecaa5967403d082aa24f35e1b516d23)
Start importing Assets/MobileDependencyResolver/Editor/Google.VersionHandlerImpl.dll using Guid(369cd88e7aa04bd98e0f6c229f7c1510) Importer(2089858483,0ecaa5967403d082aa24f35e1b516d23) Generated GUIDs only implemented for interfaces!
 -> (artifact id: '1bca464358a63068e170ba51ed4ad893') in 0.027881 seconds
Number of updated asset objects reloaded before import = 0
Number of asset objects unloaded after import = 1
========================================================================
Received Import Request.
  Time since last request: 0.000235 seconds.
  path: Assets/Resources/Prefabs/PlayerFighter.prefab
  artifactKey: Guid(1f79b9770a554c9408402ec18c95a6b9) Importer(2089858483,0ecaa5967403d082aa24f35e1b516d23)
Start importing Assets/Resources/Prefabs/PlayerFighter.prefab using Guid(1f79b9770a554c9408402ec18c95a6b9) Importer(2089858483,0ecaa5967403d082aa24f35e1b516d23) Generated GUIDs only implemented for interfaces!
 -> (artifact id: 'ceb608c9b0f2c7d9e872ab51a3eba2eb') in 0.027584 seconds
Number of updated asset objects reloaded before import = 0
Number of asset objects unloaded after import = 14
========================================================================
Received Import Request.
  Time since last request: 0.000059 seconds.
  path: Assets/Planets! Interstellar Skybox Pack Vol.I/readme.rtf
  artifactKey: Guid(3a025ab8f91b4447a98d3f1857621fb3) Importer(2089858483,0ecaa5967403d082aa24f35e1b516d23)
Start importing Assets/Planets! Interstellar Skybox Pack Vol.I/readme.rtf using Guid(3a025ab8f91b4447a98d3f1857621fb3) Importer(2089858483,0ecaa5967403d082aa24f35e1b516d23) Generated GUIDs only implemented for interfaces!
 -> (artifact id: '1ec93c7bffbf1c83be36d6e14057e165') in 0.013580 seconds
Number of updated asset objects reloaded before import = 0
Number of asset objects unloaded after import = 1
========================================================================
Received Import Request.
  Time since last request: 0.000303 seconds.
  path: Assets/AstraStarshipPackage1/Photoshop/astra_elements1_c v3.psd
  artifactKey: Guid(64a719a87c5746c4fba95431f75b911a) Importer(2089858483,0ecaa5967403d082aa24f35e1b516d23)
Start importing Assets/AstraStarshipPackage1/Photoshop/astra_elements1_c v3.psd using Guid(64a719a87c5746c4fba95431f75b911a) Importer(2089858483,0ecaa5967403d082aa24f35e1b516d23) Generated GUIDs only implemented for interfaces!
 -> (artifact id: '539c1351e69fc6f47a43fb569c60639f') in 0.048827 seconds
Number of updated asset objects reloaded before import = 0
Number of asset objects unloaded after import = 1
========================================================================
Received Import Request.
  Time since last request: 0.000175 seconds.
  path: Assets/Planets! Interstellar Skybox Pack Vol.I/tiff/stratosphere_up.tif
  artifactKey: Guid(44cc3e128f4b544a1b8d9c108363ef1d) Importer(2089858483,0ecaa5967403d082aa24f35e1b516d23)
Start importing Assets/Planets! Interstellar Skybox Pack Vol.I/tiff/stratosphere_up.tif using Guid(44cc3e128f4b544a1b8d9c108363ef1d) Importer(2089858483,0ecaa5967403d082aa24f35e1b516d23) Generated GUIDs only implemented for interfaces!
 -> (artifact id: 'dfb1b37c48de7c74f2b5d16bcaa8b6c9') in 0.043358 seconds
Number of updated asset objects reloaded before import = 0
Number of asset objects unloaded after import = 1
========================================================================
Received Import Request.
  Time since last request: 0.000030 seconds.
  path: Assets/AstraStarshipPackage1/Textures/astra_elements2_c.png
  artifactKey: Guid(24a512f7b07c60b40b54c924483630e3) Importer(2089858483,0ecaa5967403d082aa24f35e1b516d23)
Start importing Assets/AstraStarshipPackage1/Textures/astra_elements2_c.png using Guid(24a512f7b07c60b40b54c924483630e3) Importer(2089858483,0ecaa5967403d082aa24f35e1b516d23) Generated GUIDs only implemented for interfaces!
 -> (artifact id: '4a37eca890406033f8dba3ae8a815d99') in 0.048853 seconds
Number of updated asset objects reloaded before import = 0
Number of asset objects unloaded after import = 1
========================================================================
Received Import Request.
  Time since last request: 0.000249 seconds.
  path: Assets/Planets! Interstellar Skybox Pack Vol.I/tiff/stratosphere_down.tif
  artifactKey: Guid(fbd52900cdd7b4381a6f3eb1c3cb5be7) Importer(2089858483,0ecaa5967403d082aa24f35e1b516d23)
Start importing Assets/Planets! Interstellar Skybox Pack Vol.I/tiff/stratosphere_down.tif using Guid(fbd52900cdd7b4381a6f3eb1c3cb5be7) Importer(2089858483,0ecaa5967403d082aa24f35e1b516d23) Generated GUIDs only implemented for interfaces!
 -> (artifact id: '8b3ab6a8e3e63d157c9a2bd7b1493f04') in 0.040007 seconds
Number of updated asset objects reloaded before import = 0
Number of asset objects unloaded after import = 1
========================================================================
Received Prepare
Refreshing native plugins compatible for Editor in 2.27 ms, found 0 plugins.
Preloading 0 native plugins for Editor in 0.00 ms.
Unloading 0 Unused Serialized files (Serialized files now loaded: 0)
Unloading 1 unused Assets / (0.8 KB). Loaded Objects now: 496.
Memory consumption went from 41.5 MB to 41.5 MB.
Total: 6.208900 ms (FindLiveObjects: 0.056800 ms CreateObjectMapping: 0.006500 ms MarkObjects: 6.100300 ms  DeleteObjects: 0.043100 ms)

Prepare: number of updated asset objects reloaded= 0
AssetImportParameters requested are different than current active one (requested -> active):
  custom:video-decoder-ogg-theora: a1e56fd34408186e4bbccfd4996cb3dc -> 
  custom:container-muxer-webm: aa71ff27fc2769a1b78a27578f13a17b -> 
  custom:container-demuxer-webm: 4f35f7cbe854078d1ac9338744f61a02 -> 
  custom:video-encoder-webm-vp8: eb34c28f22e8b96e1ab97ce403110664 -> 
  custom:video-codec-MediaFoundation-h265: 746d11721c4dcdbdad8f713fa42b33f4 -> 
  custom:audio-encoder-webm-vorbis: bf7c407c2cedff20999df2af8eb42d56 -> 
  custom:framework-win-MediaFoundation: 216162199b28c13a410421893ffa2e32 -> 
  custom:SearchIndexIgnoredProperties: e643bd26f0fe6173181afceb89e7c659 -> 
  custom:container-demuxer-ogg: 62fdf1f143b41e24485cea50d1cbac27 -> 
  custom:video-decoder-webm-vp8: 9c59270c3fd7afecdb556c50c9e8de78 -> 
  custom:audio-decoder-ogg-vorbis: bf7c407c2cedff20999df2af8eb42d56 -> 
  custom:AudioImporter_EditorPlatform: d09bf68614088b80899f8185d706f6e7 -> 
