Using pre-set license
Built from '2022.2/release' branch; Version is '2022.2.13f1 (5f5de2657605) revision 6249954'; Using compiler version '192829333'; Build Type 'Release'
OS: 'Windows 11  (10.0.22621) 64bit CoreSingleLanguage' Language: 'en' Physical Memory: 16169 MB
BatchMode: 1, IsHumanControllingUs: 0, StartBugReporterOnCrash: 0, Is64bit: 1, IsPro: 1

COMMAND LINE ARGUMENTS:
C:\Program Files\Unity\Hub\Editor\2022.2.13f1\Editor\Unity.exe
-adb2
-batchMode
-noUpm
-name
AssetImportWorker0
-projectPath
C:/Users/Sonny/Desktop/Workspace/SpaceBattle
-logFile
Logs/AssetImportWorker0.log
-srvPort
56825
Successfully changed project path to: C:/Users/Sonny/Desktop/Workspace/SpaceBattle
C:/Users/Sonny/Desktop/Workspace/SpaceBattle
[UnityMemory] Configuration Parameters - Can be set up in boot.config
    "memorysetup-bucket-allocator-granularity=16"
    "memorysetup-bucket-allocator-bucket-count=8"
    "memorysetup-bucket-allocator-block-size=33554432"
    "memorysetup-bucket-allocator-block-count=8"
    "memorysetup-main-allocator-block-size=16777216"
    "memorysetup-thread-allocator-block-size=16777216"
    "memorysetup-gfx-main-allocator-block-size=16777216"
    "memorysetup-gfx-thread-allocator-block-size=16777216"
    "memorysetup-cache-allocator-block-size=4194304"
    "memorysetup-typetree-allocator-block-size=2097152"
    "memorysetup-profiler-bucket-allocator-granularity=16"
    "memorysetup-profiler-bucket-allocator-bucket-count=8"
    "memorysetup-profiler-bucket-allocator-block-size=33554432"
    "memorysetup-profiler-bucket-allocator-block-count=8"
    "memorysetup-profiler-allocator-block-size=16777216"
    "memorysetup-profiler-editor-allocator-block-size=1048576"
    "memorysetup-temp-allocator-size-main=16777216"
    "memorysetup-job-temp-allocator-block-size=2097152"
    "memorysetup-job-temp-allocator-block-size-background=1048576"
    "memorysetup-job-temp-allocator-reduction-small-platforms=262144"
    "memorysetup-temp-allocator-size-background-worker=32768"
    "memorysetup-temp-allocator-size-job-worker=262144"
    "memorysetup-temp-allocator-size-preload-manager=33554432"
    "memorysetup-temp-allocator-size-nav-mesh-worker=65536"
    "memorysetup-temp-allocator-size-audio-worker=65536"
    "memorysetup-temp-allocator-size-cloud-worker=32768"
    "memorysetup-temp-allocator-size-gi-baking-worker=262144"
    "memorysetup-temp-allocator-size-gfx=262144"
Player connection [15848] Host "[IP] 192.168.174.1 [Port] 0 [Flags] 2 [Guid] 229920560 [EditorId] 229920560 [Version] 1048832 [Id] WindowsEditor(7,LAPTOP-7O4NP2J8) [Debug] 1 [PackageName] WindowsEditor [ProjectName] Editor" joined multi-casting on [225.0.0.222:54997]...

Player connection [15848] Host "[IP] 192.168.174.1 [Port] 0 [Flags] 2 [Guid] 229920560 [EditorId] 229920560 [Version] 1048832 [Id] WindowsEditor(7,LAPTOP-7O4NP2J8) [Debug] 1 [PackageName] WindowsEditor [ProjectName] Editor" joined alternative multi-casting on [225.0.0.222:34997]...

Refreshing native plugins compatible for Editor in 5.50 ms, found 0 plugins.
Preloading 0 native plugins for Editor in 0.00 ms.
Initialize engine version: 2022.2.13f1 (5f5de2657605)
[Subsystems] Discovering subsystems at path C:/Program Files/Unity/Hub/Editor/2022.2.13f1/Editor/Data/Resources/UnitySubsystems
[Subsystems] Discovering subsystems at path C:/Users/Sonny/Desktop/Workspace/SpaceBattle/Assets
GfxDevice: creating device client; threaded=0; jobified=0
Direct3D:
    Version:  Direct3D 11.0 [level 11.1]
    Renderer: NVIDIA GeForce RTX 2060 (ID=0x1f15)
    Vendor:   NVIDIA
    VRAM:     5980 MB
    Driver:   31.0.15.2225
Initialize mono
Mono path[0] = 'C:/Program Files/Unity/Hub/Editor/2022.2.13f1/Editor/Data/Managed'
Mono path[1] = 'C:/Program Files/Unity/Hub/Editor/2022.2.13f1/Editor/Data/MonoBleedingEdge/lib/mono/unityjit-win32'
Mono config path = 'C:/Program Files/Unity/Hub/Editor/2022.2.13f1/Editor/Data/MonoBleedingEdge/etc'
Using monoOptions --debugger-agent=transport=dt_socket,embedding=1,server=y,suspend=n,address=127.0.0.1:56344
Begin MonoManager ReloadAssembly
Registering precompiled unity dll's ...
Register platform support module: C:/Program Files/Unity/Hub/Editor/2022.2.13f1/Editor/Data/PlaybackEngines/WindowsStandaloneSupport/UnityEditor.WindowsStandalone.Extensions.dll
Registered in 0.013458 seconds.
- Loaded All Assemblies, in  0.690 seconds
Native extension for WindowsStandalone target not found
Mono: successfully reloaded assembly
- Finished resetting the current domain, in  0.623 seconds
Domain Reload Profiling:
	ReloadAssembly (418ms)
		BeginReloadAssembly (203ms)
			ExecutionOrderSort (0ms)
			DisableScriptedObjects (0ms)
			BackupInstance (0ms)
			ReleaseScriptingObjects (0ms)
			CreateAndSetChildDomain (2ms)
		LoadAllAssembliesAndSetupDomain (0ms)
			LoadAssemblies (196ms)
			RebuildTransferFunctionScriptingTraits (0ms)
			SetupTypeCache (254ms)
				TypeCache.Initialize (252ms)
					TypeCache.ScanAssembly (250ms)
				ResolveRequiredComponents (1ms)
		FinalizeReload (0ms)
			ReleaseScriptCaches (0ms)
			RebuildScriptCaches (0ms)
			SetupLoadedEditorAssemblies (493ms)
				LogAssemblyErrors (0ms)
				InitializePlatformSupportModulesInManaged (21ms)
				SetLoadedEditorAssemblies (22ms)
				RefreshPlugins (0ms)
				BeforeProcessingInitializeOnLoad (2ms)
				ProcessInitializeOnLoadAttributes (350ms)
				ProcessInitializeOnLoadMethodAttributes (98ms)
				AfterProcessingInitializeOnLoad (0ms)
				EditorAssembliesLoaded (0ms)
			ExecutionOrderSort2 (0ms)
			AwakeInstancesAfterBackupRestoration (0ms)
========================================================================
Worker process is ready to serve import requests
Begin MonoManager ReloadAssembly
- Loaded All Assemblies, in  0.864 seconds
Refreshing native plugins compatible for Editor in 1.92 ms, found 0 plugins.
Native extension for WindowsStandalone target not found
Mono: successfully reloaded assembly
- Finished resetting the current domain, in  0.583 seconds
Domain Reload Profiling:
	ReloadAssembly (434ms)
		BeginReloadAssembly (265ms)
			ExecutionOrderSort (0ms)
			DisableScriptedObjects (12ms)
			BackupInstance (0ms)
			ReleaseScriptingObjects (0ms)
			CreateAndSetChildDomain (41ms)
		LoadAllAssembliesAndSetupDomain (426ms)
			LoadAssemblies (300ms)
			RebuildTransferFunctionScriptingTraits (0ms)
			SetupTypeCache (244ms)
				TypeCache.Initialize (243ms)
					TypeCache.ScanAssembly (239ms)
				ResolveRequiredComponents (1ms)
		FinalizeReload (0ms)
			ReleaseScriptCaches (0ms)
			RebuildScriptCaches (0ms)
			SetupLoadedEditorAssemblies (330ms)
				LogAssemblyErrors (0ms)
				InitializePlatformSupportModulesInManaged (9ms)
				SetLoadedEditorAssemblies (6ms)
				RefreshPlugins (0ms)
				BeforeProcessingInitializeOnLoad (38ms)
				ProcessInitializeOnLoadAttributes (240ms)
				ProcessInitializeOnLoadMethodAttributes (26ms)
				AfterProcessingInitializeOnLoad (11ms)
				EditorAssembliesLoaded (0ms)
			ExecutionOrderSort2 (0ms)
			AwakeInstancesAfterBackupRestoration (10ms)
Launched and connected shader compiler UnityShaderCompiler.exe after 0.11 seconds
Refreshing native plugins compatible for Editor in 1.93 ms, found 0 plugins.
Preloading 0 native plugins for Editor in 0.00 ms.
Unloading 18 Unused Serialized files (Serialized files now loaded: 0)
Unloading 7 unused Assets / (59.8 KB). Loaded Objects now: 495.
Memory consumption went from 41.5 MB to 41.4 MB.
Total: 5.428100 ms (FindLiveObjects: 0.102600 ms CreateObjectMapping: 0.006200 ms MarkObjects: 5.154900 ms  DeleteObjects: 0.144700 ms)

AssetImportParameters requested are different than current active one (requested -> active):
  custom:video-decoder-ogg-theora: a1e56fd34408186e4bbccfd4996cb3dc -> 
  custom:container-muxer-webm: aa71ff27fc2769a1b78a27578f13a17b -> 
  custom:container-demuxer-webm: 4f35f7cbe854078d1ac9338744f61a02 -> 
  custom:video-encoder-webm-vp8: eb34c28f22e8b96e1ab97ce403110664 -> 
  custom:video-codec-MediaFoundation-h265: 746d11721c4dcdbdad8f713fa42b33f4 -> 
  custom:audio-encoder-webm-vorbis: bf7c407c2cedff20999df2af8eb42d56 -> 
  custom:framework-win-MediaFoundation: 216162199b28c13a410421893ffa2e32 -> 
  custom:container-demuxer-ogg: 62fdf1f143b41e24485cea50d1cbac27 -> 
  custom:video-decoder-webm-vp8: 9c59270c3fd7afecdb556c50c9e8de78 -> 
  custom:audio-decoder-ogg-vorbis: bf7c407c2cedff20999df2af8eb42d56 -> 
  custom:AudioImporter_EditorPlatform: d09bf68614088b80899f8185d706f6e7 -> 
========================================================================
Received Import Request.
  Time since last request: 175847.855107 seconds.
  path: Assets/MobileDependencyResolver/Editor/Google.VersionHandler.dll
  artifactKey: Guid(bb6999c8a5ce4ba99688ec579babe5b7) Importer(2089858483,0ecaa5967403d082aa24f35e1b516d23)
Start importing Assets/MobileDependencyResolver/Editor/Google.VersionHandler.dll using Guid(bb6999c8a5ce4ba99688ec579babe5b7) Importer(2089858483,0ecaa5967403d082aa24f35e1b516d23) Generated GUIDs only implemented for interfaces!
 -> (artifact id: '6572fc0ec2ae93f9713a83b842a55ae2') in 0.226669 seconds
Number of updated asset objects reloaded before import = 0
Number of asset objects unloaded after import = 1
========================================================================
Received Import Request.
  Time since last request: 0.000115 seconds.
  path: Assets/AstraStarshipPackage1/FBX/astraHeavyCruiser.FBX
  artifactKey: Guid(ade6c38a305ef6748acedc68d6262144) Importer(2089858483,0ecaa5967403d082aa24f35e1b516d23)
Start importing Assets/AstraStarshipPackage1/FBX/astraHeavyCruiser.FBX using Guid(ade6c38a305ef6748acedc68d6262144) Importer(2089858483,0ecaa5967403d082aa24f35e1b516d23) Generated GUIDs only implemented for interfaces!
 -> (artifact id: 'cc1eeded493aa1eaaa0ef75bd61c4aeb') in 0.082492 seconds
Number of updated asset objects reloaded before import = 0
Number of asset objects unloaded after import = 8
========================================================================
Received Import Request.
  Time since last request: 0.000191 seconds.
  path: Assets/AstraStarshipPackage1/Textures/astraShuttle_Normals.png
  artifactKey: Guid(3adca3657d0367a4ea4f72e07e14579d) Importer(2089858483,0ecaa5967403d082aa24f35e1b516d23)
Start importing Assets/AstraStarshipPackage1/Textures/astraShuttle_Normals.png using Guid(3adca3657d0367a4ea4f72e07e14579d) Importer(2089858483,0ecaa5967403d082aa24f35e1b516d23) Generated GUIDs only implemented for interfaces!
 -> (artifact id: '95361b3da3a20d01602b407f52a63af1') in 0.110016 seconds
Number of updated asset objects reloaded before import = 0
Number of asset objects unloaded after import = 1
========================================================================
Received Import Request.
  Time since last request: 0.000202 seconds.
  path: Assets/AstraStarshipPackage1/Textures/astra_elements1_i.png
  artifactKey: Guid(e0f0d22f64784e549918f34edf7f8315) Importer(2089858483,0ecaa5967403d082aa24f35e1b516d23)
Start importing Assets/AstraStarshipPackage1/Textures/astra_elements1_i.png using Guid(e0f0d22f64784e549918f34edf7f8315) Importer(2089858483,0ecaa5967403d082aa24f35e1b516d23) Generated GUIDs only implemented for interfaces!
 -> (artifact id: '802804b3ce7200e5d8f429b1e2e23fda') in 0.037207 seconds
Number of updated asset objects reloaded before import = 0
Number of asset objects unloaded after import = 1
========================================================================
Received Import Request.
  Time since last request: 0.000287 seconds.
  path: Assets/AstraStarshipPackage1/FBX/astraLightCruiser.FBX
  artifactKey: Guid(3780882bcad6e0d479d50ceb64e22818) Importer(2089858483,0ecaa5967403d082aa24f35e1b516d23)
Start importing Assets/AstraStarshipPackage1/FBX/astraLightCruiser.FBX using Guid(3780882bcad6e0d479d50ceb64e22818) Importer(2089858483,0ecaa5967403d082aa24f35e1b516d23) Generated GUIDs only implemented for interfaces!
 -> (artifact id: '283dfa4d7233f0a53d46a9add0c86089') in 0.040091 seconds
Number of updated asset objects reloaded before import = 0
Number of asset objects unloaded after import = 8
========================================================================
Received Import Request.
  Time since last request: 0.000196 seconds.
  path: Assets/Scripts/LaserScript.cs
  artifactKey: Guid(655381fdf89abc643b9cfd605205c2cf) Importer(2089858483,0ecaa5967403d082aa24f35e1b516d23)
Start importing Assets/Scripts/LaserScript.cs using Guid(655381fdf89abc643b9cfd605205c2cf) Importer(2089858483,0ecaa5967403d082aa24f35e1b516d23) Generated GUIDs only implemented for interfaces!
 -> (artifact id: 'c5a194212f3f8ab9fc2cfb645b534c39') in 0.017136 seconds
Number of updated asset objects reloaded before import = 0
Number of asset objects unloaded after import = 1
========================================================================
Received Import Request.
  Time since last request: 0.000145 seconds.
  path: Assets/Planets! Interstellar Skybox Pack Vol.I/tiff/asteroid_back.tif
  artifactKey: Guid(7ad19653d6e434d05a1c43a3862d3e47) Importer(2089858483,0ecaa5967403d082aa24f35e1b516d23)
Start importing Assets/Planets! Interstellar Skybox Pack Vol.I/tiff/asteroid_back.tif using Guid(7ad19653d6e434d05a1c43a3862d3e47) Importer(2089858483,0ecaa5967403d082aa24f35e1b516d23) Generated GUIDs only implemented for interfaces!
 -> (artifact id: 'b52669da69d73993e243692a24db3202') in 0.043496 seconds
Number of updated asset objects reloaded before import = 0
Number of asset objects unloaded after import = 1
========================================================================
Received Import Request.
  Time since last request: 0.000148 seconds.
  path: Assets/Planets! Interstellar Skybox Pack Vol.I/tiff/asteroid_right.tif
  artifactKey: Guid(8a2100ca5122f4d3393ef7918bbe202b) Importer(2089858483,0ecaa5967403d082aa24f35e1b516d23)
Start importing Assets/Planets! Interstellar Skybox Pack Vol.I/tiff/asteroid_right.tif using Guid(8a2100ca5122f4d3393ef7918bbe202b) Importer(2089858483,0ecaa5967403d082aa24f35e1b516d23) Generated GUIDs only implemented for interfaces!
 -> (artifact id: '4e2721e307c67458f541239b9d1481e8') in 0.037483 seconds
Number of updated asset objects reloaded before import = 0
Number of asset objects unloaded after import = 1
========================================================================
Received Import Request.
  Time since last request: 0.000241 seconds.
  path: Assets/AstraStarshipPackage1/Photoshop/astraElements1.psd
  artifactKey: Guid(d8e32ed7803915c479a3d60be93db744) Importer(2089858483,0ecaa5967403d082aa24f35e1b516d23)
Start importing Assets/AstraStarshipPackage1/Photoshop/astraElements1.psd using Guid(d8e32ed7803915c479a3d60be93db744) Importer(2089858483,0ecaa5967403d082aa24f35e1b516d23) Generated GUIDs only implemented for interfaces!
 -> (artifact id: '1e4256a123f5a37a512c94f81db027d0') in 0.036496 seconds
Number of updated asset objects reloaded before import = 0
Number of asset objects unloaded after import = 1
========================================================================
Received Import Request.
  Time since last request: 0.000279 seconds.
  path: Assets/Scripts/Mothership.cs
  artifactKey: Guid(39aa54a993bfa49b99b3a851910e7386) Importer(2089858483,0ecaa5967403d082aa24f35e1b516d23)
Start importing Assets/Scripts/Mothership.cs using Guid(39aa54a993bfa49b99b3a851910e7386) Importer(2089858483,0ecaa5967403d082aa24f35e1b516d23) Generated GUIDs only implemented for interfaces!
 -> (artifact id: 'c58d57ca25ac35682ff5c696c2f9f3db') in 0.014705 seconds
Number of updated asset objects reloaded before import = 0
Number of asset objects unloaded after import = 1
========================================================================
Received Import Request.
  Time since last request: 0.000299 seconds.
  path: Assets/AstraStarshipPackage1/Textures/astraFighter_Normals.png
  artifactKey: Guid(e9574008ebfeb62468cb3b251650a308) Importer(2089858483,0ecaa5967403d082aa24f35e1b516d23)
Start importing Assets/AstraStarshipPackage1/Textures/astraFighter_Normals.png using Guid(e9574008ebfeb62468cb3b251650a308) Importer(2089858483,0ecaa5967403d082aa24f35e1b516d23) Generated GUIDs only implemented for interfaces!
 -> (artifact id: '6f7e698b680ed77cc15270ff38f92610') in 0.074506 seconds
Number of updated asset objects reloaded before import = 0
Number of asset objects unloaded after import = 1
========================================================================
Received Import Request.
  Time since last request: 0.000265 seconds.
  path: Assets/Planets! Interstellar Skybox Pack Vol.I/materials/greenconstellation.mat
  artifactKey: Guid(58786744024964e01885a048867e5a62) Importer(2089858483,0ecaa5967403d082aa24f35e1b516d23)
Start importing Assets/Planets! Interstellar Skybox Pack Vol.I/materials/greenconstellation.mat using Guid(58786744024964e01885a048867e5a62) Importer(2089858483,0ecaa5967403d082aa24f35e1b516d23) Generated GUIDs only implemented for interfaces!
 -> (artifact id: '6a019bd189016a83f93e95688b260156') in 0.078929 seconds
Number of updated asset objects reloaded before import = 0
Number of asset objects unloaded after import = 7
========================================================================
Received Import Request.
  Time since last request: 0.000032 seconds.
  path: Assets/Planets! Interstellar Skybox Pack Vol.I/materials/stratosphere.mat
  artifactKey: Guid(38bfab10691c04551940ab2fda3c9f4e) Importer(2089858483,0ecaa5967403d082aa24f35e1b516d23)
Start importing Assets/Planets! Interstellar Skybox Pack Vol.I/materials/stratosphere.mat using Guid(38bfab10691c04551940ab2fda3c9f4e) Importer(2089858483,0ecaa5967403d082aa24f35e1b516d23) Generated GUIDs only implemented for interfaces!
 -> (artifact id: '0d50860f2cf4e4268bdeac34cc6b35c4') in 0.092274 seconds
Number of updated asset objects reloaded before import = 0
Number of asset objects unloaded after import = 7
========================================================================
Received Import Request.
  Time since last request: 0.000024 seconds.
  path: Assets/Planets! Interstellar Skybox Pack Vol.I/tiff/stratosphere_right.tif
  artifactKey: Guid(94d95661d7ba84fb586efb2b909581ca) Importer(2089858483,0ecaa5967403d082aa24f35e1b516d23)
Start importing Assets/Planets! Interstellar Skybox Pack Vol.I/tiff/stratosphere_right.tif using Guid(94d95661d7ba84fb586efb2b909581ca) Importer(2089858483,0ecaa5967403d082aa24f35e1b516d23) Generated GUIDs only implemented for interfaces!
 -> (artifact id: 'ba5cd2cc91412bc9c13e91d8941feb44') in 0.034942 seconds
Number of updated asset objects reloaded before import = 0
Number of asset objects unloaded after import = 1
========================================================================
Received Import Request.
  Time since last request: 0.000255 seconds.
  path: Assets/MobileDependencyResolver/Editor/Google.IOSResolver.dll
  artifactKey: Guid(a1e8415cfe85469f9aa0aea941166031) Importer(2089858483,0ecaa5967403d082aa24f35e1b516d23)
Start importing Assets/MobileDependencyResolver/Editor/Google.IOSResolver.dll using Guid(a1e8415cfe85469f9aa0aea941166031) Importer(2089858483,0ecaa5967403d082aa24f35e1b516d23) Generated GUIDs only implemented for interfaces!
 -> (artifact id: '91432ce8ba47c8c1add3015851a204fb') in 0.019508 seconds
Number of updated asset objects reloaded before import = 0
Number of asset objects unloaded after import = 1
========================================================================
Received Import Request.
  Time since last request: 0.000236 seconds.
  path: Assets/Planets! Interstellar Skybox Pack Vol.I/tiff/asteroid_left.tif
  artifactKey: Guid(40d4c7b485e0149dd82d5f7f3b2cee1e) Importer(2089858483,0ecaa5967403d082aa24f35e1b516d23)
Start importing Assets/Planets! Interstellar Skybox Pack Vol.I/tiff/asteroid_left.tif using Guid(40d4c7b485e0149dd82d5f7f3b2cee1e) Importer(2089858483,0ecaa5967403d082aa24f35e1b516d23) Generated GUIDs only implemented for interfaces!
 -> (artifact id: '8e7b71f0d26f7de7d8c924b124db9d45') in 0.054258 seconds
Number of updated asset objects reloaded before import = 0
Number of asset objects unloaded after import = 1
========================================================================
Received Import Request.
  Time since last request: 0.000255 seconds.
  path: Assets/Planets! Interstellar Skybox Pack Vol.I/tiff/skybox_down.tif
  artifactKey: Guid(d0e87cc55b7b24f87bb8e41a8aaac309) Importer(2089858483,0ecaa5967403d082aa24f35e1b516d23)
Start importing Assets/Planets! Interstellar Skybox Pack Vol.I/tiff/skybox_down.tif using Guid(d0e87cc55b7b24f87bb8e41a8aaac309) Importer(2089858483,0ecaa5967403d082aa24f35e1b516d23) Generated GUIDs only implemented for interfaces!
 -> (artifact id: '37040a6d9be935a05898f6e26816386d') in 0.037679 seconds
Number of updated asset objects reloaded before import = 0
Number of asset objects unloaded after import = 1
========================================================================
Received Import Request.
  Time since last request: 0.000239 seconds.
  path: Assets/AstraStarshipPackage1/Prefabs/AstraBattleship01.prefab
  artifactKey: Guid(b30644f46cd70ae46994ad32ffe2da2c) Importer(2089858483,0ecaa5967403d082aa24f35e1b516d23)
Start importing Assets/AstraStarshipPackage1/Prefabs/AstraBattleship01.prefab using Guid(b30644f46cd70ae46994ad32ffe2da2c) Importer(2089858483,0ecaa5967403d082aa24f35e1b516d23) Generated GUIDs only implemented for interfaces!
 -> (artifact id: 'f97d897bc72d12f131802787b0fe75ea') in 0.027620 seconds
Number of updated asset objects reloaded before import = 0
Number of asset objects unloaded after import = 9
========================================================================
Received Import Request.
  Time since last request: 0.000028 seconds.
  path: Assets/Planets! Interstellar Skybox Pack Vol.I/tiff/skybox_up.tif
  artifactKey: Guid(6db6464bff2d54882b9797850493f186) Importer(2089858483,0ecaa5967403d082aa24f35e1b516d23)
Start importing Assets/Planets! Interstellar Skybox Pack Vol.I/tiff/skybox_up.tif using Guid(6db6464bff2d54882b9797850493f186) Importer(2089858483,0ecaa5967403d082aa24f35e1b516d23) Generated GUIDs only implemented for interfaces!
 -> (artifact id: 'f3438a4e8f738d6fbac16d853c5e25d6') in 0.038411 seconds
Number of updated asset objects reloaded before import = 0
Number of asset objects unloaded after import = 1
========================================================================
Received Import Request.
  Time since last request: 0.000209 seconds.
  path: Assets/AstraStarshipPackage1/Textures/astra_elements1_c.png
  artifactKey: Guid(653d2f8ebec8da64885e5fc77c344755) Importer(2089858483,0ecaa5967403d082aa24f35e1b516d23)
Start importing Assets/AstraStarshipPackage1/Textures/astra_elements1_c.png using Guid(653d2f8ebec8da64885e5fc77c344755) Importer(2089858483,0ecaa5967403d082aa24f35e1b516d23) Generated GUIDs only implemented for interfaces!
 -> (artifact id: 'b1c630b15f8a92f9e99d1f63cb1d8ba5') in 0.040236 seconds
Number of updated asset objects reloaded before import = 0
Number of asset objects unloaded after import = 1
========================================================================
Received Import Request.
  Time since last request: 0.000227 seconds.
  path: Assets/Editor/MediationAdapterDependencies.xml
  artifactKey: Guid(8767af8a116e29f42ab6b810db2ea36a) Importer(2089858483,0ecaa5967403d082aa24f35e1b516d23)
Start importing Assets/Editor/MediationAdapterDependencies.xml using Guid(8767af8a116e29f42ab6b810db2ea36a) Importer(2089858483,0ecaa5967403d082aa24f35e1b516d23) Generated GUIDs only implemented for interfaces!
 -> (artifact id: 'b220a1459b8ae95fc142df092054d196') in 0.016566 seconds
Number of updated asset objects reloaded before import = 0
Number of asset objects unloaded after import = 1
========================================================================
Received Import Request.
  Time since last request: 0.000214 seconds.
  path: Assets/Resources/Prefabs/Laser.prefab
  artifactKey: Guid(673fcf2490107cf4a98a16469538b889) Importer(2089858483,0ecaa5967403d082aa24f35e1b516d23)
Start importing Assets/Resources/Prefabs/Laser.prefab using Guid(673fcf2490107cf4a98a16469538b889) Importer(2089858483,0ecaa5967403d082aa24f35e1b516d23) Generated GUIDs only implemented for interfaces!
 -> (artifact id: '63c4a53406c8f21df5f1c7aca5fac74e') in 0.038317 seconds
Number of updated asset objects reloaded before import = 0
Number of asset objects unloaded after import = 9
========================================================================
Received Import Request.
  Time since last request: 0.000046 seconds.
  path: Assets/Resources/BillingMode.json
  artifactKey: Guid(d628244039e0aaa4db1ff29f561c703c) Importer(2089858483,0ecaa5967403d082aa24f35e1b516d23)
Start importing Assets/Resources/BillingMode.json using Guid(d628244039e0aaa4db1ff29f561c703c) Importer(2089858483,0ecaa5967403d082aa24f35e1b516d23) Generated GUIDs only implemented for interfaces!
 -> (artifact id: '1b9c13d2e88fb7fb79266ccaaec54df7') in 0.017240 seconds
Number of updated asset objects reloaded before import = 0
Number of asset objects unloaded after import = 1
========================================================================
Received Prepare
Refreshing native plugins compatible for Editor in 2.12 ms, found 0 plugins.
Preloading 0 native plugins for Editor in 0.00 ms.
Unloading 0 Unused Serialized files (Serialized files now loaded: 0)
Unloading 1 unused Assets / (0.8 KB). Loaded Objects now: 496.
Memory consumption went from 40.8 MB to 40.8 MB.
Total: 5.785100 ms (FindLiveObjects: 0.062100 ms CreateObjectMapping: 0.009000 ms MarkObjects: 5.680500 ms  DeleteObjects: 0.031500 ms)

Prepare: number of updated asset objects reloaded= 0
AssetImportParameters requested are different than current active one (requested -> active):
  custom:video-decoder-ogg-theora: a1e56fd34408186e4bbccfd4996cb3dc -> 
  custom:container-muxer-webm: aa71ff27fc2769a1b78a27578f13a17b -> 
  custom:container-demuxer-webm: 4f35f7cbe854078d1ac9338744f61a02 -> 
  custom:video-encoder-webm-vp8: eb34c28f22e8b96e1ab97ce403110664 -> 
  custom:video-codec-MediaFoundation-h265: 746d11721c4dcdbdad8f713fa42b33f4 -> 
  custom:audio-encoder-webm-vorbis: bf7c407c2cedff20999df2af8eb42d56 -> 
  custom:framework-win-MediaFoundation: 216162199b28c13a410421893ffa2e32 -> 
  custom:SearchIndexIgnoredProperties: e643bd26f0fe6173181afceb89e7c659 -> 
  custom:container-demuxer-ogg: 62fdf1f143b41e24485cea50d1cbac27 -> 
  custom:video-decoder-webm-vp8: 9c59270c3fd7afecdb556c50c9e8de78 -> 
  custom:audio-decoder-ogg-vorbis: bf7c407c2cedff20999df2af8eb42d56 -> 
  custom:AudioImporter_EditorPlatform: d09bf68614088b80899f8185d706f6e7 -> 
