Using pre-set license
Built from '2022.2/release' branch; Version is '2022.2.13f1 (5f5de2657605) revision 6249954'; Using compiler version '192829333'; Build Type 'Release'
OS: 'Windows 11  (10.0.22621) 64bit CoreSingleLanguage' Language: 'en' Physical Memory: 16169 MB
BatchMode: 1, IsHumanControllingUs: 0, StartBugReporterOnCrash: 0, Is64bit: 1, IsPro: 1

COMMAND LINE ARGUMENTS:
C:\Program Files\Unity\Hub\Editor\2022.2.13f1\Editor\Unity.exe
-adb2
-batchMode
-noUpm
-name
AssetImportWorker2
-projectPath
C:/Users/Sonny/Desktop/Workspace/SpaceBattle
-logFile
Logs/AssetImportWorker2.log
-srvPort
56825
Successfully changed project path to: C:/Users/Sonny/Desktop/Workspace/SpaceBattle
C:/Users/Sonny/Desktop/Workspace/SpaceBattle
[UnityMemory] Configuration Parameters - Can be set up in boot.config
    "memorysetup-bucket-allocator-granularity=16"
    "memorysetup-bucket-allocator-bucket-count=8"
    "memorysetup-bucket-allocator-block-size=33554432"
    "memorysetup-bucket-allocator-block-count=8"
    "memorysetup-main-allocator-block-size=16777216"
    "memorysetup-thread-allocator-block-size=16777216"
    "memorysetup-gfx-main-allocator-block-size=16777216"
    "memorysetup-gfx-thread-allocator-block-size=16777216"
    "memorysetup-cache-allocator-block-size=4194304"
    "memorysetup-typetree-allocator-block-size=2097152"
    "memorysetup-profiler-bucket-allocator-granularity=16"
    "memorysetup-profiler-bucket-allocator-bucket-count=8"
    "memorysetup-profiler-bucket-allocator-block-size=33554432"
    "memorysetup-profiler-bucket-allocator-block-count=8"
    "memorysetup-profiler-allocator-block-size=16777216"
    "memorysetup-profiler-editor-allocator-block-size=1048576"
    "memorysetup-temp-allocator-size-main=16777216"
    "memorysetup-job-temp-allocator-block-size=2097152"
    "memorysetup-job-temp-allocator-block-size-background=1048576"
    "memorysetup-job-temp-allocator-reduction-small-platforms=262144"
    "memorysetup-temp-allocator-size-background-worker=32768"
    "memorysetup-temp-allocator-size-job-worker=262144"
    "memorysetup-temp-allocator-size-preload-manager=33554432"
    "memorysetup-temp-allocator-size-nav-mesh-worker=65536"
    "memorysetup-temp-allocator-size-audio-worker=65536"
    "memorysetup-temp-allocator-size-cloud-worker=32768"
    "memorysetup-temp-allocator-size-gi-baking-worker=262144"
    "memorysetup-temp-allocator-size-gfx=262144"
Player connection [14236] Host "[IP] 192.168.174.1 [Port] 0 [Flags] 2 [Guid] 1424687409 [EditorId] 1424687409 [Version] 1048832 [Id] WindowsEditor(7,LAPTOP-7O4NP2J8) [Debug] 1 [PackageName] WindowsEditor [ProjectName] Editor" joined multi-casting on [225.0.0.222:54997]...

Player connection [14236] Host "[IP] 192.168.174.1 [Port] 0 [Flags] 2 [Guid] 1424687409 [EditorId] 1424687409 [Version] 1048832 [Id] WindowsEditor(7,LAPTOP-7O4NP2J8) [Debug] 1 [PackageName] WindowsEditor [ProjectName] Editor" joined alternative multi-casting on [225.0.0.222:34997]...

Refreshing native plugins compatible for Editor in 5.88 ms, found 0 plugins.
Preloading 0 native plugins for Editor in 0.00 ms.
Initialize engine version: 2022.2.13f1 (5f5de2657605)
[Subsystems] Discovering subsystems at path C:/Program Files/Unity/Hub/Editor/2022.2.13f1/Editor/Data/Resources/UnitySubsystems
[Subsystems] Discovering subsystems at path C:/Users/Sonny/Desktop/Workspace/SpaceBattle/Assets
GfxDevice: creating device client; threaded=0; jobified=0
Direct3D:
    Version:  Direct3D 11.0 [level 11.1]
    Renderer: NVIDIA GeForce RTX 2060 (ID=0x1f15)
    Vendor:   NVIDIA
    VRAM:     5980 MB
    Driver:   31.0.15.2225
Initialize mono
Mono path[0] = 'C:/Program Files/Unity/Hub/Editor/2022.2.13f1/Editor/Data/Managed'
Mono path[1] = 'C:/Program Files/Unity/Hub/Editor/2022.2.13f1/Editor/Data/MonoBleedingEdge/lib/mono/unityjit-win32'
Mono config path = 'C:/Program Files/Unity/Hub/Editor/2022.2.13f1/Editor/Data/MonoBleedingEdge/etc'
Using monoOptions --debugger-agent=transport=dt_socket,embedding=1,server=y,suspend=n,address=127.0.0.1:56124
Begin MonoManager ReloadAssembly
Registering precompiled unity dll's ...
Register platform support module: C:/Program Files/Unity/Hub/Editor/2022.2.13f1/Editor/Data/PlaybackEngines/WindowsStandaloneSupport/UnityEditor.WindowsStandalone.Extensions.dll
Registered in 0.012782 seconds.
- Loaded All Assemblies, in  0.710 seconds
Native extension for WindowsStandalone target not found
Mono: successfully reloaded assembly
- Finished resetting the current domain, in  0.598 seconds
Domain Reload Profiling:
	ReloadAssembly (427ms)
		BeginReloadAssembly (209ms)
			ExecutionOrderSort (0ms)
			DisableScriptedObjects (0ms)
			BackupInstance (0ms)
			ReleaseScriptingObjects (0ms)
			CreateAndSetChildDomain (1ms)
		LoadAllAssembliesAndSetupDomain (0ms)
			LoadAssemblies (202ms)
			RebuildTransferFunctionScriptingTraits (0ms)
			SetupTypeCache (266ms)
				TypeCache.Initialize (264ms)
					TypeCache.ScanAssembly (261ms)
				ResolveRequiredComponents (1ms)
		FinalizeReload (0ms)
			ReleaseScriptCaches (0ms)
			RebuildScriptCaches (0ms)
			SetupLoadedEditorAssemblies (473ms)
				LogAssemblyErrors (0ms)
				InitializePlatformSupportModulesInManaged (21ms)
				SetLoadedEditorAssemblies (21ms)
				RefreshPlugins (0ms)
				BeforeProcessingInitializeOnLoad (3ms)
				ProcessInitializeOnLoadAttributes (327ms)
				ProcessInitializeOnLoadMethodAttributes (101ms)
				AfterProcessingInitializeOnLoad (0ms)
				EditorAssembliesLoaded (0ms)
			ExecutionOrderSort2 (0ms)
			AwakeInstancesAfterBackupRestoration (0ms)
========================================================================
Worker process is ready to serve import requests
Begin MonoManager ReloadAssembly
- Loaded All Assemblies, in  0.858 seconds
Refreshing native plugins compatible for Editor in 1.83 ms, found 0 plugins.
Native extension for WindowsStandalone target not found
Mono: successfully reloaded assembly
- Finished resetting the current domain, in  0.604 seconds
Domain Reload Profiling:
	ReloadAssembly (427ms)
		BeginReloadAssembly (270ms)
			ExecutionOrderSort (0ms)
			DisableScriptedObjects (11ms)
			BackupInstance (0ms)
			ReleaseScriptingObjects (0ms)
			CreateAndSetChildDomain (48ms)
		LoadAllAssembliesAndSetupDomain (427ms)
			LoadAssemblies (316ms)
			RebuildTransferFunctionScriptingTraits (0ms)
			SetupTypeCache (237ms)
				TypeCache.Initialize (236ms)
					TypeCache.ScanAssembly (232ms)
				ResolveRequiredComponents (1ms)
		FinalizeReload (0ms)
			ReleaseScriptCaches (0ms)
			RebuildScriptCaches (0ms)
			SetupLoadedEditorAssemblies (348ms)
				LogAssemblyErrors (0ms)
				InitializePlatformSupportModulesInManaged (8ms)
				SetLoadedEditorAssemblies (6ms)
				RefreshPlugins (0ms)
				BeforeProcessingInitializeOnLoad (40ms)
				ProcessInitializeOnLoadAttributes (248ms)
				ProcessInitializeOnLoadMethodAttributes (36ms)
				AfterProcessingInitializeOnLoad (12ms)
				EditorAssembliesLoaded (0ms)
			ExecutionOrderSort2 (0ms)
			AwakeInstancesAfterBackupRestoration (9ms)
Launched and connected shader compiler UnityShaderCompiler.exe after 0.10 seconds
Refreshing native plugins compatible for Editor in 2.22 ms, found 0 plugins.
Preloading 0 native plugins for Editor in 0.00 ms.
Unloading 18 Unused Serialized files (Serialized files now loaded: 0)
Unloading 7 unused Assets / (59.8 KB). Loaded Objects now: 495.
Memory consumption went from 41.5 MB to 41.4 MB.
Total: 5.572200 ms (FindLiveObjects: 0.071700 ms CreateObjectMapping: 0.009000 ms MarkObjects: 5.331900 ms  DeleteObjects: 0.156900 ms)

AssetImportParameters requested are different than current active one (requested -> active):
  custom:video-decoder-ogg-theora: a1e56fd34408186e4bbccfd4996cb3dc -> 
  custom:container-muxer-webm: aa71ff27fc2769a1b78a27578f13a17b -> 
  custom:container-demuxer-webm: 4f35f7cbe854078d1ac9338744f61a02 -> 
  custom:video-encoder-webm-vp8: eb34c28f22e8b96e1ab97ce403110664 -> 
  custom:video-codec-MediaFoundation-h265: 746d11721c4dcdbdad8f713fa42b33f4 -> 
  custom:audio-encoder-webm-vorbis: bf7c407c2cedff20999df2af8eb42d56 -> 
  custom:framework-win-MediaFoundation: 216162199b28c13a410421893ffa2e32 -> 
  custom:container-demuxer-ogg: 62fdf1f143b41e24485cea50d1cbac27 -> 
  custom:video-decoder-webm-vp8: 9c59270c3fd7afecdb556c50c9e8de78 -> 
  custom:audio-decoder-ogg-vorbis: bf7c407c2cedff20999df2af8eb42d56 -> 
  custom:AudioImporter_EditorPlatform: d09bf68614088b80899f8185d706f6e7 -> 
========================================================================
Received Import Request.
  Time since last request: 175847.861361 seconds.
  path: Assets/AstraStarshipPackage1/FBX/Materials/astraElements1.mat
  artifactKey: Guid(56d1b150f89f2e547aca4878ae5aaa7c) Importer(2089858483,0ecaa5967403d082aa24f35e1b516d23)
Start importing Assets/AstraStarshipPackage1/FBX/Materials/astraElements1.mat using Guid(56d1b150f89f2e547aca4878ae5aaa7c) Importer(2089858483,0ecaa5967403d082aa24f35e1b516d23) Generated GUIDs only implemented for interfaces!
 -> (artifact id: '9bd8759a5861f745cdc1a5e5db126c1b') in 0.244929 seconds
Number of updated asset objects reloaded before import = 0
Number of asset objects unloaded after import = 2
========================================================================
Received Import Request.
  Time since last request: 0.000053 seconds.
  path: Assets/AstraStarshipPackage1/Prefabs/AstraLightCruiser01.prefab
  artifactKey: Guid(d76d00cf150e2c5439c3f638f574ed51) Importer(2089858483,0ecaa5967403d082aa24f35e1b516d23)
Start importing Assets/AstraStarshipPackage1/Prefabs/AstraLightCruiser01.prefab using Guid(d76d00cf150e2c5439c3f638f574ed51) Importer(2089858483,0ecaa5967403d082aa24f35e1b516d23) Generated GUIDs only implemented for interfaces!
 -> (artifact id: '95f60e90213d9185030221ab9ca8c777') in 0.040635 seconds
Number of updated asset objects reloaded before import = 0
Number of asset objects unloaded after import = 9
========================================================================
Received Import Request.
  Time since last request: 0.000066 seconds.
  path: Assets/AstraStarshipPackage1/Prefabs/AstraFighter01.prefab
  artifactKey: Guid(f4ba652474d0347498896daaf8548deb) Importer(2089858483,0ecaa5967403d082aa24f35e1b516d23)
Start importing Assets/AstraStarshipPackage1/Prefabs/AstraFighter01.prefab using Guid(f4ba652474d0347498896daaf8548deb) Importer(2089858483,0ecaa5967403d082aa24f35e1b516d23) Generated GUIDs only implemented for interfaces!
 -> (artifact id: '7f6f79eaed0470773df37f59db35044d') in 0.026550 seconds
Number of updated asset objects reloaded before import = 0
Number of asset objects unloaded after import = 9
========================================================================
Received Import Request.
  Time since last request: 0.000072 seconds.
  path: Assets/AstraStarshipPackage1/FBX/Materials/astra_elements1_c.mat
  artifactKey: Guid(f3d289cfac7d10f46b5dbfb7c2d0a54c) Importer(2089858483,0ecaa5967403d082aa24f35e1b516d23)
Start importing Assets/AstraStarshipPackage1/FBX/Materials/astra_elements1_c.mat using Guid(f3d289cfac7d10f46b5dbfb7c2d0a54c) Importer(2089858483,0ecaa5967403d082aa24f35e1b516d23) Generated GUIDs only implemented for interfaces!
 -> (artifact id: '7a5e6b39a08b06ff21d0b7771c7a94f8') in 0.082409 seconds
Number of updated asset objects reloaded before import = 0
Number of asset objects unloaded after import = 4
========================================================================
Received Import Request.
  Time since last request: 0.000025 seconds.
  path: Assets/AstraStarshipPackage1/Photoshop/astra_elements2_c v2.psd
  artifactKey: Guid(0eb73c848a85d2e4e9fd43a4be77247b) Importer(2089858483,0ecaa5967403d082aa24f35e1b516d23)
Start importing Assets/AstraStarshipPackage1/Photoshop/astra_elements2_c v2.psd using Guid(0eb73c848a85d2e4e9fd43a4be77247b) Importer(2089858483,0ecaa5967403d082aa24f35e1b516d23) Generated GUIDs only implemented for interfaces!
 -> (artifact id: '200effbbe88aff316d637aa9e9133f4e') in 0.103248 seconds
Number of updated asset objects reloaded before import = 0
Number of asset objects unloaded after import = 1
========================================================================
Received Import Request.
  Time since last request: 0.000118 seconds.
  path: Assets/AstraStarshipPackage1/Photoshop/astraElements2.psd
  artifactKey: Guid(0a92de78f736b4e48a3019a88084cc0a) Importer(2089858483,0ecaa5967403d082aa24f35e1b516d23)
Start importing Assets/AstraStarshipPackage1/Photoshop/astraElements2.psd using Guid(0a92de78f736b4e48a3019a88084cc0a) Importer(2089858483,0ecaa5967403d082aa24f35e1b516d23) Generated GUIDs only implemented for interfaces!
 -> (artifact id: '46c03652a5c0d1ddb3d803d6936a2cca') in 0.037466 seconds
Number of updated asset objects reloaded before import = 0
Number of asset objects unloaded after import = 1
========================================================================
Received Import Request.
  Time since last request: 0.000283 seconds.
  path: Assets/Planets! Interstellar Skybox Pack Vol.I/tiff/skybox_back.tif
  artifactKey: Guid(6c0f1bc48e08845039973759ef6fd788) Importer(2089858483,0ecaa5967403d082aa24f35e1b516d23)
Start importing Assets/Planets! Interstellar Skybox Pack Vol.I/tiff/skybox_back.tif using Guid(6c0f1bc48e08845039973759ef6fd788) Importer(2089858483,0ecaa5967403d082aa24f35e1b516d23) Generated GUIDs only implemented for interfaces!
 -> (artifact id: 'a5ab6878bf022ba68bc84022d2b44105') in 0.050018 seconds
Number of updated asset objects reloaded before import = 0
Number of asset objects unloaded after import = 1
========================================================================
Received Import Request.
  Time since last request: 0.000241 seconds.
  path: Assets/Planets! Interstellar Skybox Pack Vol.I/tiff/stratosphere_front.tif
  artifactKey: Guid(57dc0a46441ae4eeebf98bb10e1238f0) Importer(2089858483,0ecaa5967403d082aa24f35e1b516d23)
Start importing Assets/Planets! Interstellar Skybox Pack Vol.I/tiff/stratosphere_front.tif using Guid(57dc0a46441ae4eeebf98bb10e1238f0) Importer(2089858483,0ecaa5967403d082aa24f35e1b516d23) Generated GUIDs only implemented for interfaces!
 -> (artifact id: 'fcf4f38a461cc4b7d739b0c6593ab500') in 0.046498 seconds
Number of updated asset objects reloaded before import = 0
Number of asset objects unloaded after import = 1
========================================================================
Received Import Request.
  Time since last request: 0.000238 seconds.
  path: Assets/Planets! Interstellar Skybox Pack Vol.I/tiff/asteroid_up.tif
  artifactKey: Guid(18ed2684b80f043bdabd65259787e8bd) Importer(2089858483,0ecaa5967403d082aa24f35e1b516d23)
Start importing Assets/Planets! Interstellar Skybox Pack Vol.I/tiff/asteroid_up.tif using Guid(18ed2684b80f043bdabd65259787e8bd) Importer(2089858483,0ecaa5967403d082aa24f35e1b516d23) Generated GUIDs only implemented for interfaces!
 -> (artifact id: '147520d329a9d23cbc9037864a473367') in 0.040822 seconds
Number of updated asset objects reloaded before import = 0
Number of asset objects unloaded after import = 1
========================================================================
Received Import Request.
  Time since last request: 0.000204 seconds.
  path: Assets/AstraStarshipPackage1/FBX/astraBattleship.FBX
  artifactKey: Guid(05f7ab4b58f5b39439fb3c403dea756c) Importer(2089858483,0ecaa5967403d082aa24f35e1b516d23)
Start importing Assets/AstraStarshipPackage1/FBX/astraBattleship.FBX using Guid(05f7ab4b58f5b39439fb3c403dea756c) Importer(2089858483,0ecaa5967403d082aa24f35e1b516d23) Generated GUIDs only implemented for interfaces!
 -> (artifact id: '72fa6e05bc774b008b4ee8b06034535d') in 0.074349 seconds
Number of updated asset objects reloaded before import = 0
Number of asset objects unloaded after import = 8
========================================================================
Received Import Request.
  Time since last request: 0.000175 seconds.
  path: Assets/AstraStarshipPackage1/FBX/astraShuttle.FBX
  artifactKey: Guid(5a9b7d3ae9f5c06458b7a05bbd6adfd3) Importer(2089858483,0ecaa5967403d082aa24f35e1b516d23)
Start importing Assets/AstraStarshipPackage1/FBX/astraShuttle.FBX using Guid(5a9b7d3ae9f5c06458b7a05bbd6adfd3) Importer(2089858483,0ecaa5967403d082aa24f35e1b516d23) Generated GUIDs only implemented for interfaces!
 -> (artifact id: 'b1d9dfa44cf2143b236f036cf3c8cc86') in 0.037313 seconds
Number of updated asset objects reloaded before import = 0
Number of asset objects unloaded after import = 8
========================================================================
Received Import Request.
  Time since last request: 0.000098 seconds.
  path: Assets/AstraStarshipPackage1/Textures/astraHeavyCruiser_Normals.png
  artifactKey: Guid(d742df8f14fb5354bafabbf1fafecdd5) Importer(2089858483,0ecaa5967403d082aa24f35e1b516d23)
Start importing Assets/AstraStarshipPackage1/Textures/astraHeavyCruiser_Normals.png using Guid(d742df8f14fb5354bafabbf1fafecdd5) Importer(2089858483,0ecaa5967403d082aa24f35e1b516d23) Generated GUIDs only implemented for interfaces!
 -> (artifact id: 'c0272ceb4c1cfa4ff837d5072b43c7c5') in 0.070137 seconds
Number of updated asset objects reloaded before import = 0
Number of asset objects unloaded after import = 1
========================================================================
Received Import Request.
  Time since last request: 0.000262 seconds.
  path: Assets/AstraStarshipPackage1/AstraStarshipsMAX2013.zip
  artifactKey: Guid(bc111997fe13c8c4e9bfdbe4f7fdb195) Importer(2089858483,0ecaa5967403d082aa24f35e1b516d23)
Start importing Assets/AstraStarshipPackage1/AstraStarshipsMAX2013.zip using Guid(bc111997fe13c8c4e9bfdbe4f7fdb195) Importer(2089858483,0ecaa5967403d082aa24f35e1b516d23) Generated GUIDs only implemented for interfaces!
 -> (artifact id: 'c4170fbdccd9b198a43f785dc5b861f6') in 0.030828 seconds
Number of updated asset objects reloaded before import = 0
Number of asset objects unloaded after import = 1
========================================================================
Received Import Request.
  Time since last request: 0.000189 seconds.
  path: Assets/Planets! Interstellar Skybox Pack Vol.I/tiff/stratosphere_back.tif
  artifactKey: Guid(f8e66e0840c2d4ab8bd67861bf61209d) Importer(2089858483,0ecaa5967403d082aa24f35e1b516d23)
Start importing Assets/Planets! Interstellar Skybox Pack Vol.I/tiff/stratosphere_back.tif using Guid(f8e66e0840c2d4ab8bd67861bf61209d) Importer(2089858483,0ecaa5967403d082aa24f35e1b516d23) Generated GUIDs only implemented for interfaces!
 -> (artifact id: 'd8f94343aaf07e83b05170c91386d274') in 0.036889 seconds
Number of updated asset objects reloaded before import = 0
Number of asset objects unloaded after import = 1
========================================================================
Received Import Request.
  Time since last request: 0.000190 seconds.
  path: Assets/Scripts/HitPointBlock.cs
  artifactKey: Guid(6f97632de32e7ff48902eff8ee22ea28) Importer(2089858483,0ecaa5967403d082aa24f35e1b516d23)
Start importing Assets/Scripts/HitPointBlock.cs using Guid(6f97632de32e7ff48902eff8ee22ea28) Importer(2089858483,0ecaa5967403d082aa24f35e1b516d23) Generated GUIDs only implemented for interfaces!
 -> (artifact id: 'b681b23e1a63b609e3878cb37de09172') in 0.017699 seconds
Number of updated asset objects reloaded before import = 0
Number of asset objects unloaded after import = 1
========================================================================
Received Import Request.
  Time since last request: 0.000169 seconds.
  path: Assets/MobileDependencyResolver/Editor/mobile-dependency-resolver.txt
  artifactKey: Guid(85ae9201cbc641ffa2fa8aab6c5e9093) Importer(2089858483,0ecaa5967403d082aa24f35e1b516d23)
Start importing Assets/MobileDependencyResolver/Editor/mobile-dependency-resolver.txt using Guid(85ae9201cbc641ffa2fa8aab6c5e9093) Importer(2089858483,0ecaa5967403d082aa24f35e1b516d23) Generated GUIDs only implemented for interfaces!
 -> (artifact id: 'e7693fe015391193c2c77829c811ed87') in 0.017413 seconds
Number of updated asset objects reloaded before import = 0
Number of asset objects unloaded after import = 1
========================================================================
Received Import Request.
  Time since last request: 0.000248 seconds.
  path: Assets/MobileDependencyResolver/Editor/Google.JarResolver.dll
  artifactKey: Guid(97738b29c18143b0a469277b09d35889) Importer(2089858483,0ecaa5967403d082aa24f35e1b516d23)
Start importing Assets/MobileDependencyResolver/Editor/Google.JarResolver.dll using Guid(97738b29c18143b0a469277b09d35889) Importer(2089858483,0ecaa5967403d082aa24f35e1b516d23) Generated GUIDs only implemented for interfaces!
 -> (artifact id: '214b52c7f907f0980db619db5eecacc4') in 0.048508 seconds
Number of updated asset objects reloaded before import = 0
Number of asset objects unloaded after import = 1
========================================================================
Received Import Request.
  Time since last request: 0.000267 seconds.
  path: Assets/Planets! Interstellar Skybox Pack Vol.I/tiff/skybox_left.tif
  artifactKey: Guid(f1082d0a225ae421a834cd7ede94a52f) Importer(2089858483,0ecaa5967403d082aa24f35e1b516d23)
Start importing Assets/Planets! Interstellar Skybox Pack Vol.I/tiff/skybox_left.tif using Guid(f1082d0a225ae421a834cd7ede94a52f) Importer(2089858483,0ecaa5967403d082aa24f35e1b516d23) Generated GUIDs only implemented for interfaces!
 -> (artifact id: '2a08f89d37c9e3c8fa43dc9f3f300bb1') in 0.035302 seconds
Number of updated asset objects reloaded before import = 0
Number of asset objects unloaded after import = 1
========================================================================
Received Import Request.
  Time since last request: 0.000239 seconds.
  path: Assets/AstraStarshipPackage1/Textures/astra_elements2_i.png
  artifactKey: Guid(a35db583d6046564c907daa4869d135f) Importer(2089858483,0ecaa5967403d082aa24f35e1b516d23)
Start importing Assets/AstraStarshipPackage1/Textures/astra_elements2_i.png using Guid(a35db583d6046564c907daa4869d135f) Importer(2089858483,0ecaa5967403d082aa24f35e1b516d23) Generated GUIDs only implemented for interfaces!
 -> (artifact id: '42416d3b9e86de9c5735e94958e45209') in 0.041124 seconds
Number of updated asset objects reloaded before import = 0
Number of asset objects unloaded after import = 1
========================================================================
Received Import Request.
  Time since last request: 0.000226 seconds.
  path: Assets/Planets! Interstellar Skybox Pack Vol.I/tiff/asteroid_down.tif
  artifactKey: Guid(9192e8d772f4b478ab020484140ccccd) Importer(2089858483,0ecaa5967403d082aa24f35e1b516d23)
Start importing Assets/Planets! Interstellar Skybox Pack Vol.I/tiff/asteroid_down.tif using Guid(9192e8d772f4b478ab020484140ccccd) Importer(2089858483,0ecaa5967403d082aa24f35e1b516d23) Generated GUIDs only implemented for interfaces!
 -> (artifact id: '3ad893cea72181e98334fc1f5b9ab60a') in 0.042079 seconds
Number of updated asset objects reloaded before import = 0
Number of asset objects unloaded after import = 1
========================================================================
Received Import Request.
  Time since last request: 0.000191 seconds.
  path: Assets/Resources/Prefabs/EnemyFighter.prefab
  artifactKey: Guid(c6cfcf8f1deca6e449101d2ad70c2b0f) Importer(2089858483,0ecaa5967403d082aa24f35e1b516d23)
Start importing Assets/Resources/Prefabs/EnemyFighter.prefab using Guid(c6cfcf8f1deca6e449101d2ad70c2b0f) Importer(2089858483,0ecaa5967403d082aa24f35e1b516d23) Generated GUIDs only implemented for interfaces!
 -> (artifact id: 'c5419dc4a44862a07ce4bf04520ef40a') in 0.033679 seconds
Number of updated asset objects reloaded before import = 0
Number of asset objects unloaded after import = 19
========================================================================
Received Import Request.
  Time since last request: 0.000053 seconds.
  path: Assets/AstraStarshipPackage1/Textures/astraBattleship_Normals.png
  artifactKey: Guid(cfd122dee4773ed48a4d5d29bc3aff1e) Importer(2089858483,0ecaa5967403d082aa24f35e1b516d23)
Start importing Assets/AstraStarshipPackage1/Textures/astraBattleship_Normals.png using Guid(cfd122dee4773ed48a4d5d29bc3aff1e) Importer(2089858483,0ecaa5967403d082aa24f35e1b516d23) Generated GUIDs only implemented for interfaces!
 -> (artifact id: '1d189be1d91a7bf86452eb535099e2ab') in 0.049475 seconds
Number of updated asset objects reloaded before import = 0
Number of asset objects unloaded after import = 1
========================================================================
Received Prepare
Refreshing native plugins compatible for Editor in 2.30 ms, found 0 plugins.
Preloading 0 native plugins for Editor in 0.00 ms.
Unloading 0 Unused Serialized files (Serialized files now loaded: 0)
Unloading 1 unused Assets / (0.8 KB). Loaded Objects now: 497.
Memory consumption went from 41.5 MB to 41.5 MB.
Total: 5.854400 ms (FindLiveObjects: 0.071300 ms CreateObjectMapping: 0.006800 ms MarkObjects: 5.718100 ms  DeleteObjects: 0.056500 ms)

Prepare: number of updated asset objects reloaded= 0
AssetImportParameters requested are different than current active one (requested -> active):
  custom:video-decoder-ogg-theora: a1e56fd34408186e4bbccfd4996cb3dc -> 
  custom:container-muxer-webm: aa71ff27fc2769a1b78a27578f13a17b -> 
  custom:container-demuxer-webm: 4f35f7cbe854078d1ac9338744f61a02 -> 
  custom:video-encoder-webm-vp8: eb34c28f22e8b96e1ab97ce403110664 -> 
  custom:video-codec-MediaFoundation-h265: 746d11721c4dcdbdad8f713fa42b33f4 -> 
  custom:audio-encoder-webm-vorbis: bf7c407c2cedff20999df2af8eb42d56 -> 
  custom:framework-win-MediaFoundation: 216162199b28c13a410421893ffa2e32 -> 
  custom:SearchIndexIgnoredProperties: e643bd26f0fe6173181afceb89e7c659 -> 
  custom:container-demuxer-ogg: 62fdf1f143b41e24485cea50d1cbac27 -> 
  custom:video-decoder-webm-vp8: 9c59270c3fd7afecdb556c50c9e8de78 -> 
  custom:audio-decoder-ogg-vorbis: bf7c407c2cedff20999df2af8eb42d56 -> 
  custom:AudioImporter_EditorPlatform: d09bf68614088b80899f8185d706f6e7 -> 
Editor requested this worker to shutdown with reason: Scaling down because of idle timeout
TcpMessagingSession - receive error: operation aborted. errorcode: 995, details: The I/O operation has been aborted because of either a thread exit or an application request.
AssetImportWorker is now disconnected from the server
Process exiting
Exiting without the bug reporter. Application will terminate with return code 0